<?xml version="1.0" encoding="UTF-8"?>
<testng-results total="1" passed="1" failed="0" skipped="0">
  <reporter-output>
  </reporter-output>
  <suite started-at="2022-11-12T07:52:40Z" name="Default suite" finished-at="2022-11-12T07:55:48Z" duration-ms="187542">
    <groups>
    </groups>
    <test started-at="2022-11-12T07:52:40Z" name="Default test" finished-at="2022-11-12T07:55:48Z" duration-ms="187542">
      <class name="makemytrip.holiday">
        <test-method is-config="true" signature="beforetest()[pri:0, instance:makemytrip.holiday@6c4980d3]" started-at="2022-11-12T13:22:40Z" name="beforetest" finished-at="2022-11-12T13:22:58Z" duration-ms="17365" status="PASS">
          <reporter-output>
          </reporter-output>
        </test-method> <!-- beforetest -->
        <test-method signature="test()[pri:0, instance:makemytrip.holiday@6c4980d3]" started-at="2022-11-12T13:22:58Z" name="test" finished-at="2022-11-12T13:25:48Z" duration-ms="170147" status="PASS">
          <reporter-output>
          </reporter-output>
        </test-method> <!-- test -->
      </class> <!-- makemytrip.holiday -->
    </test> <!-- Default test -->
  </suite> <!-- Default suite -->
</testng-results>
