<?xml version="1.0" encoding="UTF-8"?>
<testsuite xmlns:xsi="http://www.w3.org/2001/XMLSchema-instance" xsi:noNamespaceSchemaLocation="https://maven.apache.org/surefire/maven-surefire-plugin/xsd/surefire-test-report-3.0.xsd" version="3.0" name="makemytrip.holiday" time="192.729" tests="1" errors="0" skipped="0" failures="0">
  <properties>
[...]
</properties>
  <testcase name="test" classname="makemytrip.holiday" time="171.409">
    <system-out><![CDATA[Holiday Packages
2
]]></system-out>
    <system-err><![CDATA[SLF4J: Failed to load class "org.slf4j.impl.StaticLoggerBinder".
SLF4J: Defaulting to no-operation (NOP) logger implementation
SLF4J: See http://www.slf4j.org/codes.html#StaticLoggerBinder for further details.
1668240530880	geckodriver	INFO	Listening on 127.0.0.1:54242
1668240532130	mozrunner::runner	INFO	Running command: "C:\\Program Files\\Mozilla Firefox\\firefox.exe" "--marionette" "--remote-debugging-port" "49994" "--remote-allow-hosts" "localhost" "--remote-allow-origins" "http://127.0.0.1:49994/,http://localhost:49994/,http://[::1]:49994/" "-no-remote" "-profile" "C:\\Users\\babu1\\AppData\\Local\\Temp\\rust_mozprofilegodAEh"
1668240532853	Marionette	INFO	Marionette enabled
1668240532861	Marionette	INFO	Listening on port 63433
Read port: 63433
WebDriver BiDi listening on ws://127.0.0.1:49994
1668240533157	RemoteAgent	WARN	TLS certificate errors will be ignored for this session
console.warn: SearchSettings: "get: No settings file exists, new profile?" (new NotFoundError("Could not open the file at C:\\Users\\babu1\\AppData\\Local\\Temp\\rust_mozprofilegodAEh\\search.json.mozlz4", (void 0)))
DevTools listening on ws://127.0.0.1:49994/devtools/browser/277c7480-1b00-46cd-bf1b-1b15f4011ff1
Nov 12, 2022 1:38:58 PM org.openqa.selenium.remote.ProtocolHandshake createSession
INFO: Detected upstream dialect: W3C
JavaScript warning: https://www.makemytrip.com/N-eX6H/8t/0B/5u7Q/AZdaYBd6lU/ikS1hb2riYw1/XUd3R1VALg/Uk4kZw44/KmoB, line 1: unreachable code after return statement
JavaScript warning: https://www.makemytrip.com/N-eX6H/8t/0B/5u7Q/AZdaYBd6lU/ikS1hb2riYw1/XUd3R1VALg/Uk4kZw44/KmoB, line 1: WEBGL_debug_renderer_info is deprecated in Firefox and will be removed. Please use RENDERER.
1668240542909	Marionette	WARN	Ignoring event 'pageshow' because document has an invalid readyState of 'interactive'.
JavaScript warning: https://www.makemytrip.com/N-eX6H/8t/0B/5u7Q/AZdaYBd6lU/ikS1hb2riYw1/XUd3R1VALg/Uk4kZw44/KmoB, line 1: WEBGL_debug_renderer_info is deprecated in Firefox and will be removed. Please use RENDERER.
JavaScript warning: https://holidayz.makemytrip.com/Wh3de/D/cj/xh7N/9x8qgYZo/LO7Et8JfuEED/R0l7YXhJDAQ/XC0waD/EKXnYB, line 1: unreachable code after return statement
1668240565235	Marionette	WARN	Ignoring event 'pageshow' because document has an invalid readyState of 'interactive'.
JavaScript warning: https://holidayz.makemytrip.com/Wh3de/D/cj/xh7N/9x8qgYZo/LO7Et8JfuEED/R0l7YXhJDAQ/XC0waD/EKXnYB, line 1: WEBGL_debug_renderer_info is deprecated in Firefox and will be removed. Please use RENDERER.
JavaScript warning: https://holidayz.makemytrip.com/Wh3de/D/cj/xh7N/9x8qgYZo/LO7Et8JfuEED/R0l7YXhJDAQ/XC0waD/EKXnYB, line 1: WEBGL_debug_renderer_info is deprecated in Firefox and will be removed. Please use RENDERER.
JavaScript warning: https://holidayz.makemytrip.com/Wh3de/D/cj/xh7N/9x8qgYZo/LO7Et8JfuEED/R0l7YXhJDAQ/XC0waD/EKXnYB, line 1: unreachable code after return statement
1668240591978	Marionette	WARN	Ignoring event 'pageshow' because document has an invalid readyState of 'interactive'.
JavaScript warning: https://holidayz.makemytrip.com/Wh3de/D/cj/xh7N/9x8qgYZo/LO7Et8JfuEED/R0l7YXhJDAQ/XC0waD/EKXnYB, line 1: WEBGL_debug_renderer_info is deprecated in Firefox and will be removed. Please use RENDERER.
JavaScript warning: https://holidayz.makemytrip.com/Wh3de/D/cj/xh7N/9x8qgYZo/LO7Et8JfuEED/R0l7YXhJDAQ/XC0waD/EKXnYB, line 1: WEBGL_debug_renderer_info is deprecated in Firefox and will be removed. Please use RENDERER.
JavaScript warning: https://holidayz.makemytrip.com/Wh3de/D/cj/xh7N/9x8qgYZo/LO7Et8JfuEED/R0l7YXhJDAQ/XC0waD/EKXnYB, line 1: unreachable code after return statement
1668240623916	Marionette	WARN	Ignoring event 'pageshow' because document has an invalid readyState of 'interactive'.
JavaScript warning: https://holidayz.makemytrip.com/Wh3de/D/cj/xh7N/9x8qgYZo/LO7Et8JfuEED/R0l7YXhJDAQ/XC0waD/EKXnYB, line 1: WEBGL_debug_renderer_info is deprecated in Firefox and will be removed. Please use RENDERER.
JavaScript warning: https://holidayz.makemytrip.com/Wh3de/D/cj/xh7N/9x8qgYZo/LO7Et8JfuEED/R0l7YXhJDAQ/XC0waD/EKXnYB, line 1: WEBGL_debug_renderer_info is deprecated in Firefox and will be removed. Please use RENDERER.
1668240715394	Marionette	INFO	Stopped listening on port 63433
]]></system-err>
  </testcase>
</testsuite>